


ARM Macro Assembler    Page 1 


    1 00000000                 AREA             DATA, CODE, READONLY
    2 00000000         
    3 00000000 400FE608 
                       RCGCGPIO
                               EQU              0X400FE608  ;Address of GPIO Mo
                                                            dule clock/power, i
                                                            t ACTIVATES PORTS..
                                                            .
    4 00000000         ; ...bit 0 = port A, bit 1 = port B, ... and bit 5 = por
                       t F
    5 00000000         
    6 00000000         ; LEDs should be connected to PB0,PB1,PB2,PB3,PB4,PB5,PB
                       6, and PB7 in a circle, clockwise from top being PB0.
    7 00000000         ; ( 0 up, 1 up/right, 2 right, 3 down/right, 4 down, 5 d
                       own/left, 6 left, 7 up/left)
    8 00000000         
    9 00000000         ;Port A had our UART connections.  Some elements are com
                       mented out and incomplete.  If you finished lab7, then y
                       ou can use that data.
   10 00000000 400043FC 
                       GPIOADATA_RW
                               EQU              0X400043FC  ; Address of Port A
                                                             (DATA)of our micro
                                                            controller (buttons
                                                            )
   11 00000000 40004400 
                       GPIOADIR
                               EQU              0x40004400  ; Address of Port A
                                                             (DIRECTION SETTING
                                                            )of our microcontro
                                                            ller
   12 00000000 4000451C 
                       GPIOADEN
                               EQU              0X4000451C  ; Address of Port A
                                                             (DIGITAL SETTING) 
                                                            of our microcontrol
                                                            ler
   13 00000000 40004420 
                       GPIOAAFSEL
                               EQU              0X40004420  ; Address of Port A
                                                             (alternate functio
                                                            n select) of our mi
                                                            crocontroller port 
                                                            a
   14 00000000 4000452C 
                       GPIOAPCTL
                               EQU              0X4000452C  ; Which alternate f
                                                            unctions are on Por
                                                            t A
   15 00000000         
   16 00000000         ; We are using all of port B for LED output
   17 00000000 400053FC 
                       GPIOBDATA_RW
                               EQU              0X400053FC  ; Address of Port B
                                                             (DATA)of our micro
                                                            controller (LEDs)
   18 00000000 40005400 
                       GPIOBDIR
                               EQU              0x40005400  ; Address of Port B



ARM Macro Assembler    Page 2 


                                                             (DIRECTION SETTING
                                                            )of our microcontro
                                                            ller
   19 00000000 4000551C 
                       GPIOBDEN
                               EQU              0X4000551C  ; Address of Port B
                                                             (DIGITAL SETTING) 
                                                            of our microcontrol
                                                            ler
   20 00000000         
   21 00000000         ; Port E we will use for the ADC inputs
   22 00000000 400243FC 
                       GPIOEDATA_RW
                               EQU              0X400243FC  ; Address of Port E
                                                             (DATA)of our micro
                                                            controller (LEDs)
   23 00000000 40024400 
                       GPIOEDIR
                               EQU              0x40024400  ; Address of Port E
                                                             (DIRECTION SETTING
                                                            )of our microcontro
                                                            ller
   24 00000000 4002451C 
                       GPIOEDEN
                               EQU              0X4002451C  ; Address of Port E
                                                             (DIGITAL SETTING) 
                                                            of our microcontrol
                                                            ler
   25 00000000         
   26 00000000         ;PORT F - TIVABOARD USES PORT F, PINS PF1,PF2, AND PF3 F
                       OR THE ONBOARD RGB LED
   27 00000000 400253FC 
                       GPIOFDATA_RW
                               EQU              0X400253FC  ; ADDRESS OF PORT F
                                                             PINS - DATA REGIST
                                                            ER
   28 00000000 40025400 
                       GPIOFDIR
                               EQU              0X40025400  ; ADDRESS OF PORT F
                                                             - DIRECTION
   29 00000000 4002551C 
                       GPIOFDEN
                               EQU              0X4002551C  ; ADDRESS OF PORT F
                                                             PINS - DIGITAL ENA
                                                            BLE
   30 00000000         
   31 00000000         ; Y-Axis Joystick should be connected to PE0 and X-Axis 
                       to PE1
   32 00000000         
   33 00000000         ;ADC General Settings
   34 00000000 400FE638 
                       RCGCADC EQU              0X400FE638  ;******Step 2A*****
                                                            * Power control for
                                                             ADCs 
   35 00000000         ; ...Enables ADC Module, PROVIDES A CLOCK  Bit 0 = MODUL
                       E 0 Bit 1 = MODULE 1  
   36 00000000         
   37 00000000         ;ADC analog mode select Settings for Port E 
   38 00000000 40024528 



ARM Macro Assembler    Page 3 


                       GPIOEAMSEL
                               EQU              0x40024528  ;*****Step 2C******
                                                            * Address of Port E
                                                             (ANALOG SETTING) o
                                                            f our microcontroll
                                                            er
   39 00000000 40024420 
                       GPIOEAFSEL
                               EQU              0x40024420  ; Not needed for pu
                                                            rely analog port E
   40 00000000         
   41 00000000         ; ...Enables ADC Module, PROVIDES A CLOCK  Bit 0 = MODUL
                       E 0 Bit 1 = MODULE 1  
   42 00000000 40038FC4 
                       ADCPC   EQU              0X40038FC4  ; Select ADC Speed 
                                                            1-125KSPS, 3-250KSP
                                                            S, 5-500KSPS, 7 - 1
                                                            MSPS
   43 00000000 40038000 
                       ADCACTSS
                               EQU              0X40038000  ; Address to enable
                                                             and disable the AD
                                                            C Sequencer (Seq 0 
                                                            = Bit 0) ;;(BIT 0-3
                                                             SEQ 0 -3) BIT 16 -
                                                             (0 IDLE) (1 BUSY) 
                                                            
   44 00000000 40038014 
                       ADCEMUX EQU              0X40038014  ; Select which even
                                                            t triggers the samp
                                                            le sequencer (Seq 0
                                                             bits(0- 3) 0XF = A
                                                            LWAYS)
   45 00000000 40038040 
                       ADCSSMUX0
                               EQU              0X40038040  ; Select which ADC 
                                                            channels will the s
                                                            equencer 0 read (AI
                                                            N3 = PE0, AIN2 = PE
                                                            1)
   46 00000000 40038044 
                       ADCSSCTL0
                               EQU              0X40038044  ; Address to config
                                                            ure the sample cont
                                                            rol bits (interrupt
                                                            ion and end of sequ
                                                            encer) 
   47 00000000 40038004 
                       ADCRIS  EQU              0X40038004  ; Registers with th
                                                            e flags for "done" 
                                                            bits 
   48 00000000 40038048 
                       ADCSSFIFO0
                               EQU              0X40038048  ; DATA (BITS 0-11)
   49 00000000 4003800C 
                       ADCISC  EQU              0X4003800C  ; Register that cle
                                                            ars the ADCRIS flag
                                                            s
   50 00000000 40038028 



ARM Macro Assembler    Page 4 


                       ADCPSSI EQU              0X40038028  ; ADC Sample Sequen
                                                            cer Processor-Initi
                                                            ate (bit 0 is Seque
                                                            ncer 0)
   51 00000000 40038030 
                       ADCSAC  EQU              0X40038030  ; ADC Sample Averag
                                                            ing Control-- 2^ADC
                                                            SAC samples are ave
                                                            raged for result (A
                                                            DCSAC<7)
   52 00000000         
   53 00000000         ;constants 
   54 00000000 000000FE 
                       THRESH_LOW
                               EQU              0x0FE       ; lower threshold f
                                                            or axial ADC value
   55 00000000 00000DF0 
                       THRESH_HIGH
                               EQU              0xDF0       ; higher threshold 
                                                            for axial ADC value
                                                            
   56 00000000         
   57 00000000         ; values representing bits to set for activating positio
                       nal LED's
   58 00000000 00000001 
                       LED_UP  EQU              1<<0
   59 00000000 00000004 
                       LED_RIGHT
                               EQU              1<<2
   60 00000000 00000010 
                       LED_DOWN
                               EQU              1<<4
   61 00000000 00000040 
                       LED_LEFT
                               EQU              1<<6
   62 00000000         
   63 00000000         
   64 00000000         ; macros
   65 00000000                 MACRO
   66 00000000                 TRANSMIT8BITS    $BITS_TO_TRANSMIT
   67 00000000                 MOV              R0,#$BITS_TO_TRANSMIT
   68 00000000                 BL               _TRANSMIT
   69 00000000                 MEND
   70 00000000         
   71 00000000                 MACRO
   72 00000000                 WRITEBITS        $addr, $data
   73 00000000                 LDR              R0, =$addr
   74 00000000                 MOV              R1, #$data
   75 00000000                 STR              R1, [R0]
   76 00000000                 MEND
   77 00000000         
   78 00000000                 MACRO
   79 00000000                 SETBITS          $ADDRESS, $BITS
   80 00000000                 LDR              R1,=$BITS
   81 00000000                 LDR              R0,=$ADDRESS
   82 00000000                 BL               _SETBITS
   83 00000000                 MEND
   84 00000000         
   85 00000000                 MACRO



ARM Macro Assembler    Page 5 


   86 00000000                 CLEARBITS        $ADDRESS, $BITS
   87 00000000                 LDR              R1,=$BITS
   88 00000000                 LDR              R0,=$ADDRESS
   89 00000000                 BL               _CLEARBITS
   90 00000000                 MEND
   91 00000000         
   92 00000000                 MACRO
   93 00000000                 DLAY             $DELAYLOOPCOUNT
   94 00000000                 LDR              R0,=$DELAYLOOPCOUNT
   95 00000000                 BL               _DELAY
   96 00000000                 MEND
   97 00000000         
   98 00000000                 END
Command Line: --debug --xref --diag_suppress=9931 --cpu=Cortex-M4.fp --apcs=int
erwork --depend=.\objects\lab9_data.d -o.\objects\lab9_data.o -I.\RTE\_Target_1
 -I"C:\Program Files (x86)\Keil_v5\ARM\PACK\ARM\CMSIS\5.6.0\CMSIS\Core\Include"
 -I"C:\Program Files (x86)\Keil_v5\ARM\PACK\Keil\TM4C_DFP\1.1.0\Device\Include\
TM4C123" --predefine="__EVAL SETA 1" --predefine="__UVISION_VERSION SETA 526" -
-predefine="_RTE_ SETA 1" --predefine="TM4C123GH6PM SETA 1" --list=.\listings\l
ab9_data.lst Lab9_Data.s



ARM Macro Assembler    Page 1 Alphabetic symbol ordering
Relocatable symbols

DATA 00000000

Symbol: DATA
   Definitions
      At line 1 in file Lab9_Data.s
   Uses
      None
Comment: DATA unused
1 symbol



ARM Macro Assembler    Page 1 Alphabetic symbol ordering
Absolute symbols

ADCACTSS 40038000

Symbol: ADCACTSS
   Definitions
      At line 43 in file Lab9_Data.s
   Uses
      None
Comment: ADCACTSS unused
ADCEMUX 40038014

Symbol: ADCEMUX
   Definitions
      At line 44 in file Lab9_Data.s
   Uses
      None
Comment: ADCEMUX unused
ADCISC 4003800C

Symbol: ADCISC
   Definitions
      At line 49 in file Lab9_Data.s
   Uses
      None
Comment: ADCISC unused
ADCPC 40038FC4

Symbol: ADCPC
   Definitions
      At line 42 in file Lab9_Data.s
   Uses
      None
Comment: ADCPC unused
ADCPSSI 40038028

Symbol: ADCPSSI
   Definitions
      At line 50 in file Lab9_Data.s
   Uses
      None
Comment: ADCPSSI unused
ADCRIS 40038004

Symbol: ADCRIS
   Definitions
      At line 47 in file Lab9_Data.s
   Uses
      None
Comment: ADCRIS unused
ADCSAC 40038030

Symbol: ADCSAC
   Definitions
      At line 51 in file Lab9_Data.s
   Uses
      None
Comment: ADCSAC unused
ADCSSCTL0 40038044

Symbol: ADCSSCTL0



ARM Macro Assembler    Page 2 Alphabetic symbol ordering
Absolute symbols

   Definitions
      At line 46 in file Lab9_Data.s
   Uses
      None
Comment: ADCSSCTL0 unused
ADCSSFIFO0 40038048

Symbol: ADCSSFIFO0
   Definitions
      At line 48 in file Lab9_Data.s
   Uses
      None
Comment: ADCSSFIFO0 unused
ADCSSMUX0 40038040

Symbol: ADCSSMUX0
   Definitions
      At line 45 in file Lab9_Data.s
   Uses
      None
Comment: ADCSSMUX0 unused
GPIOAAFSEL 40004420

Symbol: GPIOAAFSEL
   Definitions
      At line 13 in file Lab9_Data.s
   Uses
      None
Comment: GPIOAAFSEL unused
GPIOADATA_RW 400043FC

Symbol: GPIOADATA_RW
   Definitions
      At line 10 in file Lab9_Data.s
   Uses
      None
Comment: GPIOADATA_RW unused
GPIOADEN 4000451C

Symbol: GPIOADEN
   Definitions
      At line 12 in file Lab9_Data.s
   Uses
      None
Comment: GPIOADEN unused
GPIOADIR 40004400

Symbol: GPIOADIR
   Definitions
      At line 11 in file Lab9_Data.s
   Uses
      None
Comment: GPIOADIR unused
GPIOAPCTL 4000452C

Symbol: GPIOAPCTL
   Definitions
      At line 14 in file Lab9_Data.s
   Uses



ARM Macro Assembler    Page 3 Alphabetic symbol ordering
Absolute symbols

      None
Comment: GPIOAPCTL unused
GPIOBDATA_RW 400053FC

Symbol: GPIOBDATA_RW
   Definitions
      At line 17 in file Lab9_Data.s
   Uses
      None
Comment: GPIOBDATA_RW unused
GPIOBDEN 4000551C

Symbol: GPIOBDEN
   Definitions
      At line 19 in file Lab9_Data.s
   Uses
      None
Comment: GPIOBDEN unused
GPIOBDIR 40005400

Symbol: GPIOBDIR
   Definitions
      At line 18 in file Lab9_Data.s
   Uses
      None
Comment: GPIOBDIR unused
GPIOEAFSEL 40024420

Symbol: GPIOEAFSEL
   Definitions
      At line 39 in file Lab9_Data.s
   Uses
      None
Comment: GPIOEAFSEL unused
GPIOEAMSEL 40024528

Symbol: GPIOEAMSEL
   Definitions
      At line 38 in file Lab9_Data.s
   Uses
      None
Comment: GPIOEAMSEL unused
GPIOEDATA_RW 400243FC

Symbol: GPIOEDATA_RW
   Definitions
      At line 22 in file Lab9_Data.s
   Uses
      None
Comment: GPIOEDATA_RW unused
GPIOEDEN 4002451C

Symbol: GPIOEDEN
   Definitions
      At line 24 in file Lab9_Data.s
   Uses
      None
Comment: GPIOEDEN unused
GPIOEDIR 40024400



ARM Macro Assembler    Page 4 Alphabetic symbol ordering
Absolute symbols


Symbol: GPIOEDIR
   Definitions
      At line 23 in file Lab9_Data.s
   Uses
      None
Comment: GPIOEDIR unused
GPIOFDATA_RW 400253FC

Symbol: GPIOFDATA_RW
   Definitions
      At line 27 in file Lab9_Data.s
   Uses
      None
Comment: GPIOFDATA_RW unused
GPIOFDEN 4002551C

Symbol: GPIOFDEN
   Definitions
      At line 29 in file Lab9_Data.s
   Uses
      None
Comment: GPIOFDEN unused
GPIOFDIR 40025400

Symbol: GPIOFDIR
   Definitions
      At line 28 in file Lab9_Data.s
   Uses
      None
Comment: GPIOFDIR unused
LED_DOWN 00000010

Symbol: LED_DOWN
   Definitions
      At line 60 in file Lab9_Data.s
   Uses
      None
Comment: LED_DOWN unused
LED_LEFT 00000040

Symbol: LED_LEFT
   Definitions
      At line 61 in file Lab9_Data.s
   Uses
      None
Comment: LED_LEFT unused
LED_RIGHT 00000004

Symbol: LED_RIGHT
   Definitions
      At line 59 in file Lab9_Data.s
   Uses
      None
Comment: LED_RIGHT unused
LED_UP 00000001

Symbol: LED_UP
   Definitions



ARM Macro Assembler    Page 5 Alphabetic symbol ordering
Absolute symbols

      At line 58 in file Lab9_Data.s
   Uses
      None
Comment: LED_UP unused
RCGCADC 400FE638

Symbol: RCGCADC
   Definitions
      At line 34 in file Lab9_Data.s
   Uses
      None
Comment: RCGCADC unused
RCGCGPIO 400FE608

Symbol: RCGCGPIO
   Definitions
      At line 3 in file Lab9_Data.s
   Uses
      None
Comment: RCGCGPIO unused
THRESH_HIGH 00000DF0

Symbol: THRESH_HIGH
   Definitions
      At line 55 in file Lab9_Data.s
   Uses
      None
Comment: THRESH_HIGH unused
THRESH_LOW 000000FE

Symbol: THRESH_LOW
   Definitions
      At line 54 in file Lab9_Data.s
   Uses
      None
Comment: THRESH_LOW unused
34 symbols
369 symbols in table
