


ARM Macro Assembler    Page 1 


    1 00000000                 AREA             DATA, CODE, READONLY
    2 00000000         
    3 00000000 400FE608 
                       RCGCGPIO
                               EQU              0X400FE608  ;Address of GPIO Mo
                                                            dule, it ACTIVATES 
                                                            PORTS...
    4 00000000         ; ...bit 0 = port A, bit 1 = port B, ... and bit 5 = por
                       t F
    5 00000000         
    6 00000000         ;Speaker must be connected to PB7 (PB7 = PWM Module 0: G
                       enerator 0: GEN B ), also called M0PWM1 (GEN A and GEN B
                        share same freq and timer)
    7 00000000         
    8 00000000 400053FC 
                       GPIOBDATA_RW
                               EQU              0X400053FC  ; Address of Port B
                                                             (DATA)of our micro
                                                            controller (LEDs)
    9 00000000 40005400 
                       GPIOBDIR
                               EQU              0x40005400  ; Address of Port B
                                                             (DIRECTION SETTING
                                                            )of our microcontro
                                                            ller
   10 00000000 4000551C 
                       GPIOBDEN
                               EQU              0X4000551C  ; Address of Port B
                                                             (DIGITAL SETTING) 
                                                            of our microcontrol
                                                            ler
   11 00000000         
   12 00000000         ;PWM Settings for Port B 
   13 00000000 40005420 
                       GPIOBAFSEL
                               EQU              0X40005420  ; Address of Port B
                                                             (Alternate functio
                                                            n SETTING) of our m
                                                            icrocontroller
   14 00000000 4000552C 
                       GPIOBPCTL
                               EQU              0X4000552C  ; Address to config
                                                            ure which alternate
                                                             function to use 
   15 00000000         
   16 00000000         ;PWM General Settings
   17 00000000 400FE640 
                       RCGCPWM EQU              0X400FE640  ; ENABLE PWM MODULE
                                                             PROVIDE A CLOCK  B
                                                            IT O MODULE 0 BIT 1
                                                             MODULE 1
   18 00000000 400FE060 
                       SYSCTL_RCC
                               EQU              0X400FE060  ; Microcontroller C
                                                            lock Control Config
                                                            uration 
   19 00000000 40028040 
                       PWM0CTL EQU              0X40028040  ;Disable/Enable PWM
                                                             Generator



ARM Macro Assembler    Page 2 


   20 00000000 40028008 
                       PWMENABLE
                               EQU              0X40028008  ;Disable/Enable PWM
                                                             Outputs
   21 00000000 4002805C 
                       PWM0CMPB
                               EQU              0X4002805C  ;Value at which Out
                                                            put will change (Du
                                                            ty Cycle) 
   22 00000000 40028064 
                       PWM0GENB
                               EQU              0X40028064  ;Control bits for P
                                                            WM0, Configuration 
                                                            
   23 00000000 40028050 
                       PWM0LOAD
                               EQU              0X40028050  ;Period, cycles nee
                                                            ded to count
   24 00000000         
   25 00000000         ;constants 
   26 00000000 00D00000 
                       COUNT1  EQU              0x00D00000
   27 00000000 00001754 
                       MIDDLE_C_DIV
                               EQU              0x1754      ; 261.626HZ
   28 00000000 000014C9 
                       MIDDLE_D_DIV
                               EQU              0x14C9      ; 293.665HZ
   29 00000000 00001284 
                       MIDDLE_E_DIV
                               EQU              0x1284      ; 329.628HZ
   30 00000000 0000117A 
                       MIDDLE_F_DIV
                               EQU              0x117A      ; 349.228HZ
   31 00000000 00000F92 
                       MIDDLE_G_DIV
                               EQU              0xF92       ; 391.995HZ
   32 00000000 00000DDF 
                       MIDDLE_A_DIV
                               EQU              0xDDF       ; 440.000HZ
   33 00000000 00000C5C 
                       MIDDLE_B_DIV
                               EQU              0xC5C       ; 493.883HZ
   34 00000000         
   35 00000000 00000700 
                       MAX_CMP EQU              0X700
   36 00000000         
   37 00000000         ; macros
   38 00000000                 MACRO
   39 00000000                 SETBITS          $addr, $data
   40 00000000                 LDR              R0, =$addr
   41 00000000                 LDR              R1, =$data
   42 00000000                 BL               _setbits
   43 00000000                 MEND
   44 00000000         
   45 00000000                 MACRO
   46 00000000                 CLEARBITS        $addr, $data
   47 00000000                 LDR              R0, =$addr
   48 00000000                 LDR              R1, =$data



ARM Macro Assembler    Page 3 


   49 00000000                 BL               _clearbits
   50 00000000                 MEND
   51 00000000         
   52 00000000                 MACRO
   53 00000000                 DLAY             $delayloopcount
   54 00000000                 LDR              R0,=$delayloopcount
   55 00000000                 BL               _delay
   56 00000000                 MEND
   57 00000000         
   58 00000000                 MACRO
   59 00000000                 writebits        $addr, $data
   60 00000000                 LDR              R0, =$addr
   61 00000000                 MOV              R1, #$data
   62 00000000                 STR              R1, [R0]
   63 00000000                 MEND
   64 00000000         
   65 00000000                 END
Command Line: --debug --xref --diag_suppress=9931 --cpu=Cortex-M4.fp --apcs=int
erwork --depend=.\objects\labx_data.d -o.\objects\labx_data.o -I.\RTE\_Target_1
 -I"C:\Program Files (x86)\Keil_v5\ARM\PACK\ARM\CMSIS\5.6.0\CMSIS\Core\Include"
 -I"C:\Program Files (x86)\Keil_v5\ARM\PACK\Keil\TM4C_DFP\1.1.0\Device\Include\
TM4C123" --predefine="__EVAL SETA 1" --predefine="__UVISION_VERSION SETA 526" -
-predefine="_RTE_ SETA 1" --predefine="TM4C123GH6PM SETA 1" --list=.\listings\l
abx_data.lst LabX_Data.s



ARM Macro Assembler    Page 1 Alphabetic symbol ordering
Relocatable symbols

DATA 00000000

Symbol: DATA
   Definitions
      At line 1 in file LabX_Data.s
   Uses
      None
Comment: DATA unused
1 symbol



ARM Macro Assembler    Page 1 Alphabetic symbol ordering
Absolute symbols

COUNT1 00D00000

Symbol: COUNT1
   Definitions
      At line 26 in file LabX_Data.s
   Uses
      None
Comment: COUNT1 unused
GPIOBAFSEL 40005420

Symbol: GPIOBAFSEL
   Definitions
      At line 13 in file LabX_Data.s
   Uses
      None
Comment: GPIOBAFSEL unused
GPIOBDATA_RW 400053FC

Symbol: GPIOBDATA_RW
   Definitions
      At line 8 in file LabX_Data.s
   Uses
      None
Comment: GPIOBDATA_RW unused
GPIOBDEN 4000551C

Symbol: GPIOBDEN
   Definitions
      At line 10 in file LabX_Data.s
   Uses
      None
Comment: GPIOBDEN unused
GPIOBDIR 40005400

Symbol: GPIOBDIR
   Definitions
      At line 9 in file LabX_Data.s
   Uses
      None
Comment: GPIOBDIR unused
GPIOBPCTL 4000552C

Symbol: GPIOBPCTL
   Definitions
      At line 14 in file LabX_Data.s
   Uses
      None
Comment: GPIOBPCTL unused
MAX_CMP 00000700

Symbol: MAX_CMP
   Definitions
      At line 35 in file LabX_Data.s
   Uses
      None
Comment: MAX_CMP unused
MIDDLE_A_DIV 00000DDF

Symbol: MIDDLE_A_DIV



ARM Macro Assembler    Page 2 Alphabetic symbol ordering
Absolute symbols

   Definitions
      At line 32 in file LabX_Data.s
   Uses
      None
Comment: MIDDLE_A_DIV unused
MIDDLE_B_DIV 00000C5C

Symbol: MIDDLE_B_DIV
   Definitions
      At line 33 in file LabX_Data.s
   Uses
      None
Comment: MIDDLE_B_DIV unused
MIDDLE_C_DIV 00001754

Symbol: MIDDLE_C_DIV
   Definitions
      At line 27 in file LabX_Data.s
   Uses
      None
Comment: MIDDLE_C_DIV unused
MIDDLE_D_DIV 000014C9

Symbol: MIDDLE_D_DIV
   Definitions
      At line 28 in file LabX_Data.s
   Uses
      None
Comment: MIDDLE_D_DIV unused
MIDDLE_E_DIV 00001284

Symbol: MIDDLE_E_DIV
   Definitions
      At line 29 in file LabX_Data.s
   Uses
      None
Comment: MIDDLE_E_DIV unused
MIDDLE_F_DIV 0000117A

Symbol: MIDDLE_F_DIV
   Definitions
      At line 30 in file LabX_Data.s
   Uses
      None
Comment: MIDDLE_F_DIV unused
MIDDLE_G_DIV 00000F92

Symbol: MIDDLE_G_DIV
   Definitions
      At line 31 in file LabX_Data.s
   Uses
      None
Comment: MIDDLE_G_DIV unused
PWM0CMPB 4002805C

Symbol: PWM0CMPB
   Definitions
      At line 21 in file LabX_Data.s
   Uses



ARM Macro Assembler    Page 3 Alphabetic symbol ordering
Absolute symbols

      None
Comment: PWM0CMPB unused
PWM0CTL 40028040

Symbol: PWM0CTL
   Definitions
      At line 19 in file LabX_Data.s
   Uses
      None
Comment: PWM0CTL unused
PWM0GENB 40028064

Symbol: PWM0GENB
   Definitions
      At line 22 in file LabX_Data.s
   Uses
      None
Comment: PWM0GENB unused
PWM0LOAD 40028050

Symbol: PWM0LOAD
   Definitions
      At line 23 in file LabX_Data.s
   Uses
      None
Comment: PWM0LOAD unused
PWMENABLE 40028008

Symbol: PWMENABLE
   Definitions
      At line 20 in file LabX_Data.s
   Uses
      None
Comment: PWMENABLE unused
RCGCGPIO 400FE608

Symbol: RCGCGPIO
   Definitions
      At line 3 in file LabX_Data.s
   Uses
      None
Comment: RCGCGPIO unused
RCGCPWM 400FE640

Symbol: RCGCPWM
   Definitions
      At line 17 in file LabX_Data.s
   Uses
      None
Comment: RCGCPWM unused
SYSCTL_RCC 400FE060

Symbol: SYSCTL_RCC
   Definitions
      At line 18 in file LabX_Data.s
   Uses
      None
Comment: SYSCTL_RCC unused
22 symbols



ARM Macro Assembler    Page 4 Alphabetic symbol ordering
Absolute symbols

357 symbols in table
